<?xml version="1.0" encoding="UTF-8"?>
<!-- Generated by org.testng.reporters.JUnitXMLReporter -->
<testsuite hostname="DESKTOP-598O4S4" ignored="0" name="regression Test" tests="2" failures="2" timestamp="2022-12-11T00:12:41 GMT" time="0.523" errors="0">
  <testcase name="userSholdLoginSuccessfullyWithValidCredentials" time="0.021" classname="com.orangehrmlive.demo.testsuite.LoginPageTest">
    <failure type="java.lang.NullPointerException">
      <![CDATA[java.lang.NullPointerException
at com.orangehrmlive.demo.testsuite.LoginPageTest.userSholdLoginSuccessfullyWithValidCredentials(LoginPageTest.java:29)
at java.util.ArrayList.forEach(ArrayList.java:1249)
at com.intellij.rt.testng.IDEARemoteTestNG.run(IDEARemoteTestNG.java:66)
at com.intellij.rt.testng.RemoteTestNGStarter.main(RemoteTestNGStarter.java:109)
... Removed 24 stack frames]]>
    </failure>
  </testcase> <!-- userSholdLoginSuccessfullyWithValidCredentials -->
  <testcase name="userShouldNavigateToForgotPasswordPageSuccessfully" time="0.001" classname="com.orangehrmlive.demo.testsuite.LoginPageTest">
    <failure type="java.lang.NullPointerException">
      <![CDATA[java.lang.NullPointerException
at com.orangehrmlive.demo.testsuite.LoginPageTest.userShouldNavigateToForgotPasswordPageSuccessfully(LoginPageTest.java:37)
at java.util.ArrayList.forEach(ArrayList.java:1249)
at com.intellij.rt.testng.IDEARemoteTestNG.run(IDEARemoteTestNG.java:66)
at com.intellij.rt.testng.RemoteTestNGStarter.main(RemoteTestNGStarter.java:109)
... Removed 24 stack frames]]>
    </failure>
  </testcase> <!-- userShouldNavigateToForgotPasswordPageSuccessfully -->
</testsuite> <!-- regression Test -->
