<?xml version="1.0" encoding="UTF-8"?>
<!-- Generated by org.testng.reporters.JUnitXMLReporter -->
<testsuite hostname="DESKTOP-598O4S4" ignored="0" name="page-factory-orangehrmlive-proj1" tests="2" failures="0" timestamp="2022-12-11T14:08:01 GMT" time="13.041" errors="0">
  <testcase name="userSholdLoginSuccessfullyWithValidCredentials" time="1.736" classname="com.orangehrmlive.demo.testsuite.LoginPageTest"/>
  <testcase name="userShouldNavigateToForgotPasswordPageSuccessfully" time="0.833" classname="com.orangehrmlive.demo.testsuite.LoginPageTest"/>
</testsuite> <!-- page-factory-orangehrmlive-proj1 -->
