<?xml version="1.0" encoding="UTF-8"?>
<testsuite name="regression Test"
           tests="2"
           failures="0"
           errors="0"
           skipped="0"
           time="2.140">
  <properties />
  
  
            <testcase name="userSholdLoginSuccessfullyWithValidCredentials" time="1.450" classname="com.orangehrmlive.demo.testsuite.LoginPageTest" />
                <testcase name="userShouldNavigateToForgotPasswordPageSuccessfully" time="0.690" classname="com.orangehrmlive.demo.testsuite.LoginPageTest" />
      
</testsuite>
