<?xml version="1.0" encoding="UTF-8"?>
<testng-results skipped="0" failed="0" ignored="1" total="2" passed="1">
  <reporter-output>
    <line>
      <![CDATA[Enter username  Adminto username [[ChromeDriver: chrome on WINDOWS (a86dc78e8645b63bce87c9cddbd72a7b)] -> name: username]]]>
    </line>
    <line>
      <![CDATA[Enter password  admin123to username [[ChromeDriver: chrome on WINDOWS (a86dc78e8645b63bce87c9cddbd72a7b)] -> name: password]]]>
    </line>
    <line>
      <![CDATA[click on login [[ChromeDriver: chrome on WINDOWS (a86dc78e8645b63bce87c9cddbd72a7b)] -> xpath: //button[@type='submit']]]]>
    </line>
    <line>
      <![CDATA[Massage is verify [[ChromeDriver: chrome on WINDOWS (a86dc78e8645b63bce87c9cddbd72a7b)] -> xpath: //header/div[1]/div[1]/span[1]/h6[1]]]]>
    </line>
  </reporter-output>
  <suite name="sanitySuite" duration-ms="6783" started-at="2022-12-11T14:09:13 GMT" finished-at="2022-12-11T14:09:20 GMT">
    <groups>
      <group name="regression">
        <method signature="LoginPageTest.userSholdLoginSuccessfullyWithValidCredentials()[pri:0, instance:com.orangehrmlive.demo.testsuite.LoginPageTest@4232c52b]" name="userSholdLoginSuccessfullyWithValidCredentials" class="com.orangehrmlive.demo.testsuite.LoginPageTest"/>
      </group> <!-- regression -->
      <group name="sanity">
        <method signature="LoginPageTest.userSholdLoginSuccessfullyWithValidCredentials()[pri:0, instance:com.orangehrmlive.demo.testsuite.LoginPageTest@4232c52b]" name="userSholdLoginSuccessfullyWithValidCredentials" class="com.orangehrmlive.demo.testsuite.LoginPageTest"/>
      </group> <!-- sanity -->
    </groups>
    <test name="Sanity Test" duration-ms="6783" started-at="2022-12-11T14:09:13 GMT" finished-at="2022-12-11T14:09:20 GMT">
      <class name="com.orangehrmlive.demo.testsuite.LoginPageTest">
        <test-method status="PASS" signature="setUp()[pri:0, instance:com.orangehrmlive.demo.testsuite.LoginPageTest@4232c52b]" name="setUp" is-config="true" duration-ms="4144" started-at="2022-12-11T14:09:13 GMT" finished-at="2022-12-11T14:09:17 GMT">
          <reporter-output>
          </reporter-output>
        </test-method> <!-- setUp -->
        <test-method status="PASS" signature="inIt()[pri:0, instance:com.orangehrmlive.demo.testsuite.LoginPageTest@4232c52b]" name="inIt" is-config="true" duration-ms="15" started-at="2022-12-11T14:09:17 GMT" finished-at="2022-12-11T14:09:17 GMT">
          <reporter-output>
          </reporter-output>
        </test-method> <!-- inIt -->
        <test-method status="PASS" signature="userSholdLoginSuccessfullyWithValidCredentials()[pri:0, instance:com.orangehrmlive.demo.testsuite.LoginPageTest@4232c52b]" name="userSholdLoginSuccessfullyWithValidCredentials" duration-ms="1546" started-at="2022-12-11T14:09:17 GMT" finished-at="2022-12-11T14:09:19 GMT">
          <reporter-output>
            <line>
              <![CDATA[Enter username  Adminto username [[ChromeDriver: chrome on WINDOWS (a86dc78e8645b63bce87c9cddbd72a7b)] -> name: username]]]>
            </line>
            <line>
              <![CDATA[Enter password  admin123to username [[ChromeDriver: chrome on WINDOWS (a86dc78e8645b63bce87c9cddbd72a7b)] -> name: password]]]>
            </line>
            <line>
              <![CDATA[click on login [[ChromeDriver: chrome on WINDOWS (a86dc78e8645b63bce87c9cddbd72a7b)] -> xpath: //button[@type='submit']]]]>
            </line>
            <line>
              <![CDATA[Massage is verify [[ChromeDriver: chrome on WINDOWS (a86dc78e8645b63bce87c9cddbd72a7b)] -> xpath: //header/div[1]/div[1]/span[1]/h6[1]]]]>
            </line>
          </reporter-output>
        </test-method> <!-- userSholdLoginSuccessfullyWithValidCredentials -->
        <test-method status="PASS" signature="tearDown()[pri:0, instance:com.orangehrmlive.demo.testsuite.LoginPageTest@4232c52b]" name="tearDown" is-config="true" duration-ms="698" started-at="2022-12-11T14:09:19 GMT" finished-at="2022-12-11T14:09:20 GMT">
          <reporter-output>
          </reporter-output>
        </test-method> <!-- tearDown -->
      </class> <!-- com.orangehrmlive.demo.testsuite.LoginPageTest -->
    </test> <!-- Sanity Test -->
  </suite> <!-- sanitySuite -->
</testng-results>
