<?xml version="1.0" encoding="UTF-8"?>
<!-- Generated by org.testng.reporters.JUnitXMLReporter -->
<testsuite hostname="DESKTOP-598O4S4" ignored="1" name="Sanity Test" tests="1" failures="0" timestamp="2022-12-11T14:09:20 GMT" time="6.783" errors="0">
  <testcase name="userSholdLoginSuccessfullyWithValidCredentials" time="1.546" classname="com.orangehrmlive.demo.testsuite.LoginPageTest"/>
  <testcase name="userShouldNavigateToForgotPasswordPageSuccessfully" time="0.0" classname="com.orangehrmlive.demo.testsuite.LoginPageTest">
    <ignored/>
  </testcase> <!-- userShouldNavigateToForgotPasswordPageSuccessfully -->
</testsuite> <!-- Sanity Test -->
